<?xml version="1.0" encoding="UTF-8"?>
<testsuite xmlns:xsi="http://www.w3.org/2001/XMLSchema-instance" xsi:noNamespaceSchemaLocation="https://maven.apache.org/surefire/maven-surefire-plugin/xsd/surefire-test-report-3.0.xsd" version="3.0" name="com.programming.Book.UserTest" time="0.11" tests="45" errors="0" skipped="0" failures="0">
  <properties>
    <property name="java.specification.version" value="19"/>
    <property name="sun.cpu.isalist" value="amd64"/>
    <property name="sun.jnu.encoding" value="Cp1252"/>
    <property name="java.class.path" value="C:\Users\Admin\IdeaProject\LibraryManagementSystem\target\test-classes;C:\Users\Admin\IdeaProject\LibraryManagementSystem\target\classes;C:\Users\Admin\.m2\repository\org\junit\jupiter\junit-jupiter\5.7.0\junit-jupiter-5.7.0.jar;C:\Users\Admin\.m2\repository\org\junit\jupiter\junit-jupiter-api\5.8.2\junit-jupiter-api-5.8.2.jar;C:\Users\Admin\.m2\repository\org\opentest4j\opentest4j\1.2.0\opentest4j-1.2.0.jar;C:\Users\Admin\.m2\repository\org\junit\platform\junit-platform-commons\1.8.2\junit-platform-commons-1.8.2.jar;C:\Users\Admin\.m2\repository\org\apiguardian\apiguardian-api\1.1.2\apiguardian-api-1.1.2.jar;C:\Users\Admin\.m2\repository\org\junit\jupiter\junit-jupiter-engine\5.8.2\junit-jupiter-engine-5.8.2.jar;C:\Users\Admin\.m2\repository\org\junit\platform\junit-platform-engine\1.8.2\junit-platform-engine-1.8.2.jar;C:\Users\Admin\.m2\repository\org\junit\jupiter\junit-jupiter-params\5.8.2\junit-jupiter-params-5.8.2.jar;"/>
    <property name="java.vm.vendor" value="Oracle Corporation"/>
    <property name="sun.arch.data.model" value="64"/>
    <property name="user.variant" value=""/>
    <property name="java.vendor.url" value="https://java.oracle.com/"/>
    <property name="user.timezone" value="Asia/Calcutta"/>
    <property name="os.name" value="Windows 11"/>
    <property name="java.vm.specification.version" value="19"/>
    <property name="sun.java.launcher" value="SUN_STANDARD"/>
    <property name="user.country" value="IN"/>
    <property name="sun.boot.library.path" value="C:\Program Files\Java\jdk-19\bin"/>
    <property name="sun.java.command" value="C:\Users\Admin\AppData\Local\Temp\surefire1196661699141785104\surefirebooter-20240901122436513_3.jar C:\Users\Admin\AppData\Local\Temp\surefire1196661699141785104 2024-09-01T12-24-36_325-jvmRun1 surefire-20240901122436513_1tmp surefire_0-20240901122436513_2tmp"/>
    <property name="jdk.debug" value="release"/>
    <property name="surefire.test.class.path" value="C:\Users\Admin\IdeaProject\LibraryManagementSystem\target\test-classes;C:\Users\Admin\IdeaProject\LibraryManagementSystem\target\classes;C:\Users\Admin\.m2\repository\org\junit\jupiter\junit-jupiter\5.7.0\junit-jupiter-5.7.0.jar;C:\Users\Admin\.m2\repository\org\junit\jupiter\junit-jupiter-api\5.8.2\junit-jupiter-api-5.8.2.jar;C:\Users\Admin\.m2\repository\org\opentest4j\opentest4j\1.2.0\opentest4j-1.2.0.jar;C:\Users\Admin\.m2\repository\org\junit\platform\junit-platform-commons\1.8.2\junit-platform-commons-1.8.2.jar;C:\Users\Admin\.m2\repository\org\apiguardian\apiguardian-api\1.1.2\apiguardian-api-1.1.2.jar;C:\Users\Admin\.m2\repository\org\junit\jupiter\junit-jupiter-engine\5.8.2\junit-jupiter-engine-5.8.2.jar;C:\Users\Admin\.m2\repository\org\junit\platform\junit-platform-engine\1.8.2\junit-platform-engine-1.8.2.jar;C:\Users\Admin\.m2\repository\org\junit\jupiter\junit-jupiter-params\5.8.2\junit-jupiter-params-5.8.2.jar;"/>
    <property name="sun.cpu.endian" value="little"/>
    <property name="user.home" value="C:\Users\Admin"/>
    <property name="user.language" value="en"/>
    <property name="java.specification.vendor" value="Oracle Corporation"/>
    <property name="java.version.date" value="2023-01-17"/>
    <property name="java.home" value="C:\Program Files\Java\jdk-19"/>
    <property name="file.separator" value="\"/>
    <property name="basedir" value="C:\Users\Admin\IdeaProject\LibraryManagementSystem"/>
    <property name="java.vm.compressedOopsMode" value="Zero based"/>
    <property name="line.separator" value="&#10;"/>
    <property name="java.vm.specification.vendor" value="Oracle Corporation"/>
    <property name="java.specification.name" value="Java Platform API Specification"/>
    <property name="surefire.real.class.path" value="C:\Users\Admin\AppData\Local\Temp\surefire1196661699141785104\surefirebooter-20240901122436513_3.jar"/>
    <property name="user.script" value=""/>
    <property name="sun.management.compiler" value="HotSpot 64-Bit Tiered Compilers"/>
    <property name="java.runtime.version" value="19.0.2+7-44"/>
    <property name="user.name" value="Admin"/>
    <property name="stdout.encoding" value="Cp1252"/>
    <property name="path.separator" value=";"/>
    <property name="os.version" value="10.0"/>
    <property name="java.runtime.name" value="Java(TM) SE Runtime Environment"/>
    <property name="file.encoding" value="UTF-8"/>
    <property name="java.vm.name" value="Java HotSpot(TM) 64-Bit Server VM"/>
    <property name="localRepository" value="C:\Users\Admin\.m2\repository"/>
    <property name="java.vendor.url.bug" value="https://bugreport.java.com/bugreport/"/>
    <property name="java.io.tmpdir" value="C:\Users\Admin\AppData\Local\Temp\"/>
    <property name="java.version" value="19.0.2"/>
    <property name="user.dir" value="C:\Users\Admin\IdeaProject\LibraryManagementSystem"/>
    <property name="os.arch" value="amd64"/>
    <property name="java.vm.specification.name" value="Java Virtual Machine Specification"/>
    <property name="sun.os.patch.level" value=""/>
    <property name="native.encoding" value="Cp1252"/>
    <property name="java.library.path" value="C:\Program Files\Java\jdk-19\bin;C:\WINDOWS\Sun\Java\bin;C:\WINDOWS\system32;C:\WINDOWS;C:\Program Files\Common Files\Oracle\Java\javapath;C:\Program Files (x86)\Common Files\Oracle\Java\javapath;C:\Windows\system32;C:\Windows;C:\Windows\System32\Wbem;C:\Windows\System32\WindowsPowerShell\v1.0\;C:\Windows\System32\OpenSSH\;C:\Program Files (x86)\NVIDIA Corporation\PhysX\Common;C:\Program Files\dotnet\;C:\WINDOWS\system32;C:\WINDOWS;C:\WINDOWS\System32\Wbem;C:\WINDOWS\System32\WindowsPowerShell\v1.0\;C:\WINDOWS\System32\OpenSSH\;C:\Program Files\NVIDIA Corporation\NVIDIA NvDLISR;C:\Program Files\nodejs\;C:\Program Files\MongoDB\Server\7.0\bin;C:\Program Files\php-8.3.2;C:\Program Files\Git\cmd;C:\Program Files\Java\apache-maven-3.9.9-bin\apache-maven-3.9.9\bin;C:\Users\Admin\anaconda3;C:\Users\Admin\anaconda3\Library\mingw-w64\bin;C:\Users\Admin\anaconda3\Library\usr\bin;C:\Users\Admin\anaconda3\Library\bin;C:\Users\Admin\anaconda3\Scripts;C:\Users\Admin\AppData\Local\Programs\Python\Python311\Scripts\;C:\Users\Admin\AppData\Local\Programs\Python\Python311\;C:\Program Files\MySQL\MySQL Shell 8.0\bin\;C:\Users\Admin\AppData\Local\Microsoft\WindowsApps;C:\Users\Admin\AppData\Local\Programs\Microsoft VS Code\bin;C:\Users\Admin\.dotnet\tools;C:\Program Files\JetBrains\IntelliJ IDEA Community Edition 2022.3.2\bin;;C:\Myjava;C:\MinGW\bin;C:\msys64\mingw64\bin;C:\Users\Admin\AppData\Local\GitHubDesktop\bin;C:\Users\Admin\AppData\Roaming\npm;C:\Program Files\MongoDB\mongosh-1.10.6-win32-x64\bin;C:\Users\Admin\AppData\Local\Programs\mongosh\;C:\Program Files\MongoDB\Server\7.0\bin;C:\Program Files\php-8.3.2;;C:\Program Files\JetBrains\IntelliJ IDEA 2024.1.1\bin;;."/>
    <property name="java.vm.info" value="mixed mode, sharing"/>
    <property name="stderr.encoding" value="Cp1252"/>
    <property name="java.vendor" value="Oracle Corporation"/>
    <property name="java.vm.version" value="19.0.2+7-44"/>
    <property name="sun.io.unicode.encoding" value="UnicodeLittle"/>
    <property name="java.class.version" value="63.0"/>
  </properties>
  <testcase name="testUserCreationWithNullUserIds(String)[1]" classname="com.programming.Book.UserTest" time="0.016"/>
  <testcase name="testUserCreationWithNullUserIds(String)[2]" classname="com.programming.Book.UserTest" time="0.0"/>
  <testcase name="testUserCreationWithNullUserIds(String)[3]" classname="com.programming.Book.UserTest" time="0.0"/>
  <testcase name="testUserCreationWithNullUserIds(String)[4]" classname="com.programming.Book.UserTest" time="0.0"/>
  <testcase name="testUserCreationWithNullUserIds(String)[5]" classname="com.programming.Book.UserTest" time="0.0"/>
  <testcase name="testUserCreationWithNullUserIds(String)[6]" classname="com.programming.Book.UserTest" time="0.015"/>
  <testcase name="testUserCreationWithNullUserIds(String)[7]" classname="com.programming.Book.UserTest" time="0.0"/>
  <testcase name="testUserCreationWithNullUserIds(String)[8]" classname="com.programming.Book.UserTest" time="0.0"/>
  <testcase name="testUserCreationWithNullUserIds(String)[9]" classname="com.programming.Book.UserTest" time="0.0"/>
  <testcase name="testUserCreationWithNullUserIds(String)[10]" classname="com.programming.Book.UserTest" time="0.0"/>
  <testcase name="testUserCreationWithNullUserIds(String)[11]" classname="com.programming.Book.UserTest" time="0.0"/>
  <testcase name="testUserCreationWithNullUserIds(String)[12]" classname="com.programming.Book.UserTest" time="0.0"/>
  <testcase name="testUserCreationWithNullUserIds(String)[13]" classname="com.programming.Book.UserTest" time="0.0"/>
  <testcase name="testUserCreationWithNullUserIds(String)[14]" classname="com.programming.Book.UserTest" time="0.0"/>
  <testcase name="testUserCreationWithNullUserIds(String)[15]" classname="com.programming.Book.UserTest" time="0.0"/>
  <testcase name="testUserCreationWithNullUserIds(String)[16]" classname="com.programming.Book.UserTest" time="0.0"/>
  <testcase name="testUserCreationWithNullUserIds(String)[17]" classname="com.programming.Book.UserTest" time="0.0"/>
  <testcase name="testUserCreationWithNullUserIds(String)[18]" classname="com.programming.Book.UserTest" time="0.0"/>
  <testcase name="testUserCreationWithNullUserIds(String)[19]" classname="com.programming.Book.UserTest" time="0.0"/>
  <testcase name="testUserCreationWithNullUserIds(String)[20]" classname="com.programming.Book.UserTest" time="0.0"/>
  <testcase name="testUserCreationWithNullUserIds(String)[21]" classname="com.programming.Book.UserTest" time="0.0"/>
  <testcase name="testUserCreationWithNullUserIds(String)[22]" classname="com.programming.Book.UserTest" time="0.0"/>
  <testcase name="testUserCreationWithNullUserIds(String)[23]" classname="com.programming.Book.UserTest" time="0.0"/>
  <testcase name="testUserCreationWithNullUserIds(String)[24]" classname="com.programming.Book.UserTest" time="0.0"/>
  <testcase name="testUserCreationWithNullUserIds(String)[25]" classname="com.programming.Book.UserTest" time="0.002"/>
  <testcase name="testUserCreationWithNullUserIds(String)[26]" classname="com.programming.Book.UserTest" time="0.0"/>
  <testcase name="testUserCreationWithNullUserIds(String)[27]" classname="com.programming.Book.UserTest" time="0.0"/>
  <testcase name="testUserCreationWithNullUserIds(String)[28]" classname="com.programming.Book.UserTest" time="0.0"/>
  <testcase name="testUserCreationWithNullUserIds(String)[29]" classname="com.programming.Book.UserTest" time="0.0"/>
  <testcase name="testUserCreationWithNullUserIds(String)[30]" classname="com.programming.Book.UserTest" time="0.0"/>
  <testcase name="testUserCreationWithNullUserIds(String)[31]" classname="com.programming.Book.UserTest" time="0.0"/>
  <testcase name="testUserCreationWithNullUserIds(String)[32]" classname="com.programming.Book.UserTest" time="0.0"/>
  <testcase name="testUserCreationWithNullUserIds(String)[33]" classname="com.programming.Book.UserTest" time="0.0"/>
  <testcase name="testUserCreationWithNullUserIds(String)[34]" classname="com.programming.Book.UserTest" time="0.0"/>
  <testcase name="testUserCreationWithNullUserIds(String)[35]" classname="com.programming.Book.UserTest" time="0.0"/>
  <testcase name="testUserCreationWithNullUserIds(String)[36]" classname="com.programming.Book.UserTest" time="0.0"/>
  <testcase name="testUserCreationWithNullUserIds(String)[37]" classname="com.programming.Book.UserTest" time="0.0"/>
  <testcase name="testUserCreationWithNullUserIds(String)[38]" classname="com.programming.Book.UserTest" time="0.0"/>
  <testcase name="testUserCreationWithNullUserIds(String)[39]" classname="com.programming.Book.UserTest" time="0.0"/>
  <testcase name="testUserCreationWithNullUserIds(String)[40]" classname="com.programming.Book.UserTest" time="0.0"/>
  <testcase name="testUserCreationWithEmptyName" classname="com.programming.Book.UserTest" time="0.016"/>
  <testcase name="testUserCreationWithNullName" classname="com.programming.Book.UserTest" time="0.0"/>
  <testcase name="testUserCreationValid" classname="com.programming.Book.UserTest" time="0.0"/>
  <testcase name="testUserCreationWithNullUserId" classname="com.programming.Book.UserTest" time="0.0"/>
  <testcase name="testUserCreationWithEmptyUserId" classname="com.programming.Book.UserTest" time="0.0"/>
</testsuite>